Removed Pin From Net: NetName=GND Pin=U45-9
Change Component DesignItemId : Designator=R1 Old DesignItemId= New DesignItemId=0
Change Component DesignItemId : Designator=R15 Old DesignItemId= New DesignItemId=0
Change Component DesignItemId : Designator=R16 Old DesignItemId= New DesignItemId=0
Change Component DesignItemId : Designator=R17 Old DesignItemId= New DesignItemId=0
Change Component DesignItemId : Designator=L1 Old DesignItemId= New DesignItemId=0Ω
Change Component DesignItemId : Designator=L2 Old DesignItemId= New DesignItemId=1.5uH
Change Component DesignItemId : Designator=L7 Old DesignItemId= New DesignItemId=1.5uH
Change Component DesignItemId : Designator=R9 Old DesignItemId= New DesignItemId=1K
Change Component DesignItemId : Designator=R11 Old DesignItemId= New DesignItemId=1K
Change Component DesignItemId : Designator=R73 Old DesignItemId= New DesignItemId=1K
Change Component DesignItemId : Designator=R74 Old DesignItemId= New DesignItemId=1K
Change Component DesignItemId : Designator=R50 Old DesignItemId= New DesignItemId=1M
Change Component DesignItemId : Designator=R55 Old DesignItemId= New DesignItemId=1M
Change Component DesignItemId : Designator=D4 Old DesignItemId= New DesignItemId=1N4148WS T4
Change Component DesignItemId : Designator=D5 Old DesignItemId= New DesignItemId=1N4148WS T4
Change Component DesignItemId : Designator=C50 Old DesignItemId= New DesignItemId=1uF
Change Component DesignItemId : Designator=L4 Old DesignItemId= New DesignItemId=1uH
Change Component DesignItemId : Designator=UART0 Old DesignItemId= New DesignItemId=2.54排针 3pin
Change Component DesignItemId : Designator=C196 Old DesignItemId= New DesignItemId=3.3nF
Change Component DesignItemId : Designator=U9 Old DesignItemId= New DesignItemId=3pin插针
Change Component DesignItemId : Designator=R23 Old DesignItemId= New DesignItemId=4.7
Change Component DesignItemId : Designator=R27 Old DesignItemId= New DesignItemId=4.7
Change Component DesignItemId : Designator=R33 Old DesignItemId= New DesignItemId=4.7
Change Component DesignItemId : Designator=R39 Old DesignItemId= New DesignItemId=4.7
Change Component DesignItemId : Designator=R53 Old DesignItemId= New DesignItemId=4.7
Change Component DesignItemId : Designator=R54 Old DesignItemId= New DesignItemId=4.7
Change Component DesignItemId : Designator=R58 Old DesignItemId= New DesignItemId=4.7
Change Component DesignItemId : Designator=R59 Old DesignItemId= New DesignItemId=4.7
Change Component DesignItemId : Designator=R14 Old DesignItemId= New DesignItemId=4.7K
Change Component DesignItemId : Designator=R34 Old DesignItemId= New DesignItemId=4.7K
Change Component DesignItemId : Designator=R35 Old DesignItemId= New DesignItemId=4.7K
Change Component DesignItemId : Designator=R36 Old DesignItemId= New DesignItemId=4.7K
Change Component DesignItemId : Designator=R37 Old DesignItemId= New DesignItemId=4.7K
Change Component DesignItemId : Designator=R146 Old DesignItemId= New DesignItemId=6.98K
Change Component DesignItemId : Designator=R18 Old DesignItemId= New DesignItemId=10K
Change Component DesignItemId : Designator=R19 Old DesignItemId= New DesignItemId=10K
Change Component DesignItemId : Designator=R20 Old DesignItemId= New DesignItemId=10K
Change Component DesignItemId : Designator=R24 Old DesignItemId= New DesignItemId=10K
Change Component DesignItemId : Designator=R25 Old DesignItemId= New DesignItemId=10K
Change Component DesignItemId : Designator=R26 Old DesignItemId= New DesignItemId=10K
Change Component DesignItemId : Designator=R30 Old DesignItemId= New DesignItemId=10K
Change Component DesignItemId : Designator=R31 Old DesignItemId= New DesignItemId=10K
Change Component DesignItemId : Designator=R32 Old DesignItemId= New DesignItemId=10K
Change Component DesignItemId : Designator=R45 Old DesignItemId= New DesignItemId=10K
Change Component DesignItemId : Designator=R48 Old DesignItemId= New DesignItemId=10K
Change Component DesignItemId : Designator=R60 Old DesignItemId= New DesignItemId=10K
Change Component DesignItemId : Designator=R61 Old DesignItemId= New DesignItemId=10K
Change Component DesignItemId : Designator=R62 Old DesignItemId= New DesignItemId=10K
Change Component DesignItemId : Designator=R63 Old DesignItemId= New DesignItemId=10K
Change Component DesignItemId : Designator=R70 Old DesignItemId= New DesignItemId=10K
Change Component DesignItemId : Designator=R71 Old DesignItemId= New DesignItemId=10K
Change Component DesignItemId : Designator=R72 Old DesignItemId= New DesignItemId=10K
Change Component DesignItemId : Designator=R145 Old DesignItemId= New DesignItemId=10K
Change Component DesignItemId : Designator=C190 Old DesignItemId= New DesignItemId=10nF
Change Component DesignItemId : Designator=C194 Old DesignItemId= New DesignItemId=10nF
Change Component DesignItemId : Designator=C195 Old DesignItemId= New DesignItemId=10nF
Change Component DesignItemId : Designator=C35 Old DesignItemId= New DesignItemId=10pF
Change Component DesignItemId : Designator=C36 Old DesignItemId= New DesignItemId=10pF
Change Component DesignItemId : Designator=C37 Old DesignItemId= New DesignItemId=10pF
Change Component DesignItemId : Designator=C38 Old DesignItemId= New DesignItemId=10pF
Change Component DesignItemId : Designator=C1 Old DesignItemId= New DesignItemId=10uF
Change Component DesignItemId : Designator=C2 Old DesignItemId= New DesignItemId=10uF
Change Component DesignItemId : Designator=C8 Old DesignItemId= New DesignItemId=10uF
Change Component DesignItemId : Designator=C14 Old DesignItemId= New DesignItemId=10uF
Change Component DesignItemId : Designator=C15 Old DesignItemId= New DesignItemId=10uF
Change Component DesignItemId : Designator=C16 Old DesignItemId= New DesignItemId=10uF
Change Component DesignItemId : Designator=C17 Old DesignItemId= New DesignItemId=10uF
Change Component DesignItemId : Designator=C19 Old DesignItemId= New DesignItemId=10uF
Change Component DesignItemId : Designator=C20 Old DesignItemId= New DesignItemId=10uF
Change Component DesignItemId : Designator=C21 Old DesignItemId= New DesignItemId=10uF
Change Component DesignItemId : Designator=C22 Old DesignItemId= New DesignItemId=10uF
Change Component DesignItemId : Designator=C25 Old DesignItemId= New DesignItemId=10uF
Change Component DesignItemId : Designator=C27 Old DesignItemId= New DesignItemId=10uF
Change Component DesignItemId : Designator=C32 Old DesignItemId= New DesignItemId=10uF
Change Component DesignItemId : Designator=C33 Old DesignItemId= New DesignItemId=10uF
Change Component DesignItemId : Designator=C39 Old DesignItemId= New DesignItemId=10uF
Change Component DesignItemId : Designator=C57 Old DesignItemId= New DesignItemId=10uF
Change Component DesignItemId : Designator=R49 Old DesignItemId= New DesignItemId=12.1K
Change Component DesignItemId : Designator=R51 Old DesignItemId= New DesignItemId=12.1K
Change Component DesignItemId : Designator=R52 Old DesignItemId= New DesignItemId=12.1K
Change Component DesignItemId : Designator=X3 Old DesignItemId= New DesignItemId=12MHz
Change Component DesignItemId : Designator=C23 Old DesignItemId= New DesignItemId=15pF
Change Component DesignItemId : Designator=C46 Old DesignItemId= New DesignItemId=15pF
Change Component DesignItemId : Designator=C47 Old DesignItemId= New DesignItemId=15pF
Change Component DesignItemId : Designator=C48 Old DesignItemId= New DesignItemId=15pF
Change Component DesignItemId : Designator=C49 Old DesignItemId= New DesignItemId=15pF
Change Component DesignItemId : Designator=L26 Old DesignItemId= New DesignItemId=15uH
Change Component DesignItemId : Designator=LED1 Old DesignItemId= New DesignItemId=19-217/GHC-YR1S2/3T
Change Component DesignItemId : Designator=R68 Old DesignItemId= New DesignItemId=20K
Change Component DesignItemId : Designator=C42 Old DesignItemId= New DesignItemId=22nF
Change Component DesignItemId : Designator=C40 Old DesignItemId= New DesignItemId=22pF
Change Component DesignItemId : Designator=C41 Old DesignItemId= New DesignItemId=22pF
Change Component DesignItemId : Designator=C18 Old DesignItemId= New DesignItemId=22uF
Change Component DesignItemId : Designator=X1 Old DesignItemId= New DesignItemId=25MHz
Change Component DesignItemId : Designator=R12 Old DesignItemId= New DesignItemId=27
Change Component DesignItemId : Designator=R13 Old DesignItemId= New DesignItemId=27
Change Component DesignItemId : Designator=X2 Old DesignItemId= New DesignItemId=32.768KHz
Change Component DesignItemId : Designator=R69 Old DesignItemId= New DesignItemId=39K
Change Component DesignItemId : Designator=R3 Old DesignItemId= New DesignItemId=47K
Change Component DesignItemId : Designator=C192 Old DesignItemId= New DesignItemId=47uF
Change Component DesignItemId : Designator=C193 Old DesignItemId= New DesignItemId=47uF
Change Component DesignItemId : Designator=R38 Old DesignItemId= New DesignItemId=49.9
Change Component DesignItemId : Designator=R40 Old DesignItemId= New DesignItemId=49.9
Change Component DesignItemId : Designator=R41 Old DesignItemId= New DesignItemId=49.9
Change Component DesignItemId : Designator=R42 Old DesignItemId= New DesignItemId=49.9
Change Component DesignItemId : Designator=R143 Old DesignItemId= New DesignItemId=52.3K
Change Component DesignItemId : Designator=R2 Old DesignItemId= New DesignItemId=100K
Change Component DesignItemId : Designator=R4 Old DesignItemId= New DesignItemId=100K
Change Component DesignItemId : Designator=R8 Old DesignItemId= New DesignItemId=100K
Change Component DesignItemId : Designator=R28 Old DesignItemId= New DesignItemId=100K
Change Component DesignItemId : Designator=R29 Old DesignItemId= New DesignItemId=100K
Change Component DesignItemId : Designator=R64 Old DesignItemId= New DesignItemId=100K
Change Component DesignItemId : Designator=R144 Old DesignItemId= New DesignItemId=100K
Change Component DesignItemId : Designator=C3 Old DesignItemId= New DesignItemId=100nF
Change Component DesignItemId : Designator=C4 Old DesignItemId= New DesignItemId=100nF
Change Component DesignItemId : Designator=C5 Old DesignItemId= New DesignItemId=100nF
Change Component DesignItemId : Designator=C6 Old DesignItemId= New DesignItemId=100nF
Change Component DesignItemId : Designator=C7 Old DesignItemId= New DesignItemId=100nF
Change Component DesignItemId : Designator=C9 Old DesignItemId= New DesignItemId=100nF
Change Component DesignItemId : Designator=C10 Old DesignItemId= New DesignItemId=100nF
Change Component DesignItemId : Designator=C11 Old DesignItemId= New DesignItemId=100nF
Change Component DesignItemId : Designator=C12 Old DesignItemId= New DesignItemId=100nF
Change Component DesignItemId : Designator=C13 Old DesignItemId= New DesignItemId=100nF
Change Component DesignItemId : Designator=C26 Old DesignItemId= New DesignItemId=100nF
Change Component DesignItemId : Designator=C28 Old DesignItemId= New DesignItemId=100nF
Change Component DesignItemId : Designator=C29 Old DesignItemId= New DesignItemId=100nF
Change Component DesignItemId : Designator=C30 Old DesignItemId= New DesignItemId=100nF
Change Component DesignItemId : Designator=C31 Old DesignItemId= New DesignItemId=100nF
Change Component DesignItemId : Designator=C34 Old DesignItemId= New DesignItemId=100nF
Change Component DesignItemId : Designator=C43 Old DesignItemId= New DesignItemId=100nF
Change Component DesignItemId : Designator=C191 Old DesignItemId= New DesignItemId=100nF
Change Component DesignItemId : Designator=R6 Old DesignItemId= New DesignItemId=110K
Change Component DesignItemId : Designator=R7 Old DesignItemId= New DesignItemId=200K
Change Component DesignItemId : Designator=L5 Old DesignItemId= New DesignItemId=220Ω
Change Component DesignItemId : Designator=R46 Old DesignItemId= New DesignItemId=470
Change Component DesignItemId : Designator=R47 Old DesignItemId= New DesignItemId=470
Change Component DesignItemId : Designator=R43 Old DesignItemId= New DesignItemId=510
Change Component DesignItemId : Designator=R5 Old DesignItemId= New DesignItemId=510K
Change Component DesignItemId : Designator=D19 Old DesignItemId= New DesignItemId=BEP0300SC
Change Component DesignItemId : Designator=DEBUG Old DesignItemId= New DesignItemId=BTDEBUG
Change Component DesignItemId : Designator=B1 Old DesignItemId= New DesignItemId=CR1220-2
Change Component DesignItemId : Designator=DC1 Old DesignItemId= New DesignItemId=DC005-2.5MM
Change Component DesignItemId : Designator=USB2 Old DesignItemId= New DesignItemId=Double layer DIP 90° black
Change Component DesignItemId : Designator=D6 Old DesignItemId= New DesignItemId=DSK14
Change Component DesignItemId : Designator=U13 Old DesignItemId= New DesignItemId=EA3059C
Change Component DesignItemId : Designator=P3 Old DesignItemId= New DesignItemId=Header-Female-2.54_2x10
Change Component DesignItemId : Designator=P1 Old DesignItemId= New DesignItemId=Header-Female-2.54_2x16
Change Component DesignItemId : Designator=P2 Old DesignItemId= New DesignItemId=Header-Female-2.54_2x16
Change Component DesignItemId : Designator=RJ1 Old DesignItemId= New DesignItemId=HR911105A
Change Component DesignItemId : Designator=U5 Old DesignItemId= New DesignItemId=LAN8720AI
Change Component DesignItemId : Designator=USB1 Old DesignItemId= New DesignItemId=Mini USB-B 5P-Female-TH_C46398
Change Component DesignItemId : Designator=U7 Old DesignItemId= New DesignItemId=MKDV4GIL-AS
Change Component DesignItemId : Designator=U45 Old DesignItemId= New DesignItemId=MP2303ADN-LF-Z
Change Component DesignItemId : Designator=U3 Old DesignItemId= New DesignItemId=MT29F2G08ABAEAWP-IT:E
Change Component DesignItemId : Designator=SW2 Old DesignItemId= New DesignItemId=NDI-02H-V
Change Component DesignItemId : Designator=SW1 Old DesignItemId= New DesignItemId=NDI-04H-V
Change Component DesignItemId : Designator=U1 Old DesignItemId= New DesignItemId=NUC980DK61Y
Change Component DesignItemId : Designator=SW3 Old DesignItemId= New DesignItemId=RESET
Change Component DesignItemId : Designator=D16 Old DesignItemId= New DesignItemId=SK34WA
Change Component DesignItemId : Designator=D17 Old DesignItemId= New DesignItemId=SMAJ16CA_C152120
Change Component DesignItemId : Designator=TF_CARD1 Old DesignItemId= New DesignItemId=TF_CARD
Change Component DesignItemId : Designator=U4 Old DesignItemId= New DesignItemId=W25Q128JVSIQTR
Change Net Name : Old Net Name=B1_1 New Net Name=NetB1_1
Change Net Name : Old Net Name=C196_1 New Net Name=NetC196_1
Change Net Name : Old Net Name=D16_2 New Net Name=NetC195_1
Change Net Name : Old Net Name=P2_3 New Net Name=NetP2_3
Change Net Name : Old Net Name=P2_5 New Net Name=NetP2_5
Change Net Name : Old Net Name=P2_6 New Net Name=NetP2_6
Change Net Name : Old Net Name=P2_7 New Net Name=NetP2_7
Change Net Name : Old Net Name=R9_2 New Net Name=NetLED1_1
Change Net Name : Old Net Name=R11_2 New Net Name=NetR11_2
Change Net Name : Old Net Name=R60_2 New Net Name=NetR60_2
Change Net Name : Old Net Name=R61_2 New Net Name=NetR61_2
Change Net Name : Old Net Name=R62_2 New Net Name=NetR62_2
Change Net Name : Old Net Name=R63_2 New Net Name=NetR63_2
Change Net Name : Old Net Name=R73_2 New Net Name=NetR73_2
Change Net Name : Old Net Name=R74_1 New Net Name=NetR74_1
Change Net Name : Old Net Name=RJ1_4 New Net Name=NetC42_1
Change Net Name : Old Net Name=RJ1_10 New Net Name=NetR46_2
Change Net Name : Old Net Name=RJ1_11 New Net Name=NetR47_2
Change Net Name : Old Net Name=RMIIOREFCLK New Net Name=PE4
Change Net Name : Old Net Name=RMIOCRSDV New Net Name=PE1
Change Net Name : Old Net Name=RMIOMDC New Net Name=PE9
Change Net Name : Old Net Name=RMIOMDIO New Net Name=PE8
Change Net Name : Old Net Name=RMIORXD0 New Net Name=PE3
Change Net Name : Old Net Name=RMIORXD1 New Net Name=PE2
Change Net Name : Old Net Name=RMIORXER New Net Name=PE0
Change Net Name : Old Net Name=RMIOTXD0 New Net Name=PE7
Change Net Name : Old Net Name=RMIOTXD1 New Net Name=PE6
Change Net Name : Old Net Name=RMIOTXEN New Net Name=PE5
Change Net Name : Old Net Name=SD_CD New Net Name=PF6
Change Net Name : Old Net Name=SD_CLK New Net Name=PF1
Change Net Name : Old Net Name=SD_CMD New Net Name=PF0
Change Net Name : Old Net Name=SD_D0 New Net Name=PF2
Change Net Name : Old Net Name=SD_D1 New Net Name=PF3
Change Net Name : Old Net Name=SD_D2 New Net Name=PF4
Change Net Name : Old Net Name=SD_D3 New Net Name=PF5
Change Net Name : Old Net Name=SPI_CLK New Net Name=PD3
Change Net Name : Old Net Name=SPI_CS New Net Name=PD2
Change Net Name : Old Net Name=SPI_D3 New Net Name=PD7
Change Net Name : Old Net Name=SPI_DI New Net Name=PD5
Change Net Name : Old Net Name=SPI_DO New Net Name=PD4
Change Net Name : Old Net Name=SPI_WP New Net Name=PD6
Change Net Name : Old Net Name=SW2_3 New Net Name=NetR18_2
Change Net Name : Old Net Name=SW2_4 New Net Name=NetR19_2
Change Net Name : Old Net Name=U4_6 New Net Name=NetR16_1
Change Net Name : Old Net Name=U5_6 New Net Name=NetC33_1
Change Net Name : Old Net Name=U5_12 New Net Name=NetR43_2
Change Net Name : Old Net Name=U5_15 New Net Name=NetC43_2
Change Net Name : Old Net Name=U5_24 New Net Name=NetR49_2
Change Net Name : Old Net Name=U9_3 New Net Name=NetR20_1
Change Net Name : Old Net Name=U45_1 New Net Name=NetC195_2
Change Net Name : Old Net Name=U45_5 New Net Name=NetR143_1
Change Net Name : Old Net Name=U45_6 New Net Name=NetC196_2
Change Net Name : Old Net Name=U45_7 New Net Name=NetR3_2
Change Net Name : Old Net Name=U45_8 New Net Name=NetC194_2
Change Net Name : Old Net Name=USB1_1 New Net Name=NetD6_1
Change Net Name : Old Net Name=USB1_2 New Net Name=NetR12_1
Change Net Name : Old Net Name=USB1_3 New Net Name=NetR13_1
Added Class: Name=主控单元
Added Class: Name=以太网单元
Added Class: Name=存储单元
Added Class: Name=接口单元
Added Class: Name=电源单元
Added Room: Name=主控单元
Added Room: Name=以太网单元
Added Room: Name=存储单元
Added Room: Name=接口单元
Added Room: Name=电源单元
