Added Component: Designator=U1(LQFP-128_14X14X04P)
Added Pin To Net: NetName=USB0_ID Pin=U1-1
Added Pin To Net: NetName=PA0 Pin=U1-2
Added Pin To Net: NetName=PA1 Pin=U1-3
Added Pin To Net: NetName=PA2 Pin=U1-4
Added Pin To Net: NetName=PA3 Pin=U1-5
Added Pin To Net: NetName=PA4 Pin=U1-6
Added Pin To Net: NetName=PA5 Pin=U1-7
Added Pin To Net: NetName=PA6 Pin=U1-8
Added Pin To Net: NetName=3.3V Pin=U1-9
Added Pin To Net: NetName=1.2V Pin=U1-10
Added Pin To Net: NetName=1.8V Pin=U1-11
Added Pin To Net: NetName=1.8V Pin=U1-12
Added Pin To Net: NetName=1.2V Pin=U1-13
Added Pin To Net: NetName=PA7 Pin=U1-14
Added Pin To Net: NetName=PA8 Pin=U1-15
Added Pin To Net: NetName=PA9 Pin=U1-16
Added Pin To Net: NetName=PA10 Pin=U1-17
Added Pin To Net: NetName=PA11 Pin=U1-18
Added Pin To Net: NetName=PA12 Pin=U1-19
Added Pin To Net: NetName=3.3V Pin=U1-20
Added Pin To Net: NetName=PG9 Pin=U1-21
Added Pin To Net: NetName=PG8 Pin=U1-22
Added Pin To Net: NetName=PG7 Pin=U1-23
Added Pin To Net: NetName=PG6 Pin=U1-24
Added Pin To Net: NetName=PG5 Pin=U1-25
Added Pin To Net: NetName=PG3 Pin=U1-26
Added Pin To Net: NetName=PG1 Pin=U1-27
Added Pin To Net: NetName=PG0 Pin=U1-28
Added Pin To Net: NetName=PB0 Pin=U1-29
Added Pin To Net: NetName=PB6 Pin=U1-30
Added Pin To Net: NetName=PB4 Pin=U1-31
Added Pin To Net: NetName=GND1 Pin=U1-32
Added Pin To Net: NetName=ADC_3.3V Pin=U1-33
Added Pin To Net: NetName=PB7 Pin=U1-34
Added Pin To Net: NetName=PB5 Pin=U1-35
Added Pin To Net: NetName=PB1 Pin=U1-36
Added Pin To Net: NetName=PB3 Pin=U1-37
Added Pin To Net: NetName=PB2 Pin=U1-38
Added Pin To Net: NetName=RTCVD Pin=U1-39
Added Pin To Net: NetName=X2_IN Pin=U1-40
Added Pin To Net: NetName=X2_OUT Pin=U1-41
Added Pin To Net: NetName=PB8 Pin=U1-42
Added Pin To Net: NetName=1.2V Pin=U1-43
Added Pin To Net: NetName=PC0 Pin=U1-44
Added Pin To Net: NetName=PC1 Pin=U1-45
Added Pin To Net: NetName=PC2 Pin=U1-46
Added Pin To Net: NetName=PC3 Pin=U1-47
Added Pin To Net: NetName=PC4 Pin=U1-48
Added Pin To Net: NetName=PC5 Pin=U1-49
Added Pin To Net: NetName=PC6 Pin=U1-50
Added Pin To Net: NetName=PC7 Pin=U1-51
Added Pin To Net: NetName=PC8 Pin=U1-52
Added Pin To Net: NetName=PC9 Pin=U1-53
Added Pin To Net: NetName=PC10 Pin=U1-54
Added Pin To Net: NetName=PC11 Pin=U1-55
Added Pin To Net: NetName=PC12 Pin=U1-56
Added Pin To Net: NetName=PC13 Pin=U1-57
Added Pin To Net: NetName=PC14 Pin=U1-58
Added Pin To Net: NetName=PC15 Pin=U1-59
Added Pin To Net: NetName=3.3V Pin=U1-60
Added Pin To Net: NetName=PD2 Pin=U1-61
Added Pin To Net: NetName=PD3 Pin=U1-62
Added Pin To Net: NetName=PD4 Pin=U1-63
Added Pin To Net: NetName=GND Pin=U1-64
Added Pin To Net: NetName=PD5 Pin=U1-65
Added Pin To Net: NetName=PD6 Pin=U1-66
Added Pin To Net: NetName=PD7 Pin=U1-67
Added Pin To Net: NetName=PD8 Pin=U1-68
Added Pin To Net: NetName=PD9 Pin=U1-69
Added Pin To Net: NetName=PD10 Pin=U1-70
Added Pin To Net: NetName=PD11 Pin=U1-71
Added Pin To Net: NetName=PD12 Pin=U1-72
Added Pin To Net: NetName=PD13 Pin=U1-73
Added Pin To Net: NetName=PD14 Pin=U1-74
Added Pin To Net: NetName=PD15 Pin=U1-75
Added Pin To Net: NetName=PG11 Pin=U1-76
Added Pin To Net: NetName=PG12 Pin=U1-77
Added Pin To Net: NetName=PG13 Pin=U1-78
Added Pin To Net: NetName=PG14 Pin=U1-79
Added Pin To Net: NetName=PG15 Pin=U1-80
Added Pin To Net: NetName=RESET Pin=U1-81
Added Pin To Net: NetName=1.2V Pin=U1-82
Added Pin To Net: NetName=1.8V Pin=U1-83
Added Pin To Net: NetName=1.8V Pin=U1-84
Added Pin To Net: NetName=3.3V Pin=U1-85
Added Pin To Net: NetName=PF0 Pin=U1-86
Added Pin To Net: NetName=PF1 Pin=U1-87
Added Pin To Net: NetName=PF2 Pin=U1-88
Added Pin To Net: NetName=PF3 Pin=U1-89
Added Pin To Net: NetName=PF4 Pin=U1-90
Added Pin To Net: NetName=PF5 Pin=U1-91
Added Pin To Net: NetName=PF6 Pin=U1-92
Added Pin To Net: NetName=PB13 Pin=U1-93
Added Pin To Net: NetName=1.2V Pin=U1-94
Added Pin To Net: NetName=GND Pin=U1-95
Added Pin To Net: NetName=PF7 Pin=U1-96
Added Pin To Net: NetName=PF8 Pin=U1-97
Added Pin To Net: NetName=PF9 Pin=U1-98
Added Pin To Net: NetName=PF10 Pin=U1-99
Added Pin To Net: NetName=RXD0 Pin=U1-100
Added Pin To Net: NetName=TXD0 Pin=U1-101
Added Pin To Net: NetName=3.3V Pin=U1-102
Added Pin To Net: NetName=X_IN Pin=U1-103
Added Pin To Net: NetName=X_OUT Pin=U1-104
Added Pin To Net: NetName=PE0 Pin=U1-105
Added Pin To Net: NetName=PE1 Pin=U1-106
Added Pin To Net: NetName=PE2 Pin=U1-107
Added Pin To Net: NetName=PE3 Pin=U1-108
Added Pin To Net: NetName=PE4 Pin=U1-109
Added Pin To Net: NetName=PE5 Pin=U1-110
Added Pin To Net: NetName=PE6 Pin=U1-111
Added Pin To Net: NetName=PE7 Pin=U1-112
Added Pin To Net: NetName=PE8 Pin=U1-113
Added Pin To Net: NetName=PE9 Pin=U1-114
Added Pin To Net: NetName=PE10 Pin=U1-115
Added Pin To Net: NetName=PE11 Pin=U1-116
Added Pin To Net: NetName=PE12 Pin=U1-117
Added Pin To Net: NetName=1.2V Pin=U1-118
Added Pin To Net: NetName=USB1_DM Pin=U1-119
Added Pin To Net: NetName=USB1_DP Pin=U1-120
Added Pin To Net: NetName=3.3V Pin=U1-121
Added Pin To Net: NetName=USB1_REXT Pin=U1-122
Added Pin To Net: NetName=1.2V Pin=U1-123
Added Pin To Net: NetName=USB0_DM Pin=U1-124
Added Pin To Net: NetName=USB0_DP Pin=U1-125
Added Pin To Net: NetName=3.3V Pin=U1-126
Added Pin To Net: NetName=USB0_REXT Pin=U1-127
Added Pin To Net: NetName=GND Pin=U1-128
Added Member To Class: ClassName=Ö÷¿Øµ¥Ôª Member=Component U1 NUC980DK61Y
