Change Component DesignItemId : Designator=R1 Old DesignItemId= New DesignItemId=0
Change Component DesignItemId : Designator=R15 Old DesignItemId= New DesignItemId=0
Change Component DesignItemId : Designator=R16 Old DesignItemId= New DesignItemId=0
Change Component DesignItemId : Designator=R17 Old DesignItemId= New DesignItemId=0
Change Component DesignItemId : Designator=L1 Old DesignItemId= New DesignItemId=0Ω
Change Component DesignItemId : Designator=L2 Old DesignItemId= New DesignItemId=1.5uH
Change Component DesignItemId : Designator=L7 Old DesignItemId= New DesignItemId=1.5uH
Change Component DesignItemId : Designator=R9 Old DesignItemId= New DesignItemId=1K
Change Component DesignItemId : Designator=R11 Old DesignItemId= New DesignItemId=1K
Change Component DesignItemId : Designator=R73 Old DesignItemId= New DesignItemId=1K
Change Component DesignItemId : Designator=R74 Old DesignItemId= New DesignItemId=1K
Change Component DesignItemId : Designator=R50 Old DesignItemId= New DesignItemId=1M
Change Component DesignItemId : Designator=R55 Old DesignItemId= New DesignItemId=1M
Change Component DesignItemId : Designator=D4 Old DesignItemId= New DesignItemId=1N4148WS T4
Change Component DesignItemId : Designator=D5 Old DesignItemId= New DesignItemId=1N4148WS T4
Change Component DesignItemId : Designator=C50 Old DesignItemId= New DesignItemId=1uF
Change Component DesignItemId : Designator=L4 Old DesignItemId= New DesignItemId=1uH
Change Component DesignItemId : Designator=UART0 Old DesignItemId= New DesignItemId=2.54排针 3pin
Change Component DesignItemId : Designator=C196 Old DesignItemId= New DesignItemId=3.3nF
Change Component DesignItemId : Designator=U9 Old DesignItemId= New DesignItemId=3pin插针
Change Component DesignItemId : Designator=R23 Old DesignItemId= New DesignItemId=4.7
Change Component DesignItemId : Designator=R27 Old DesignItemId= New DesignItemId=4.7
Change Component DesignItemId : Designator=R33 Old DesignItemId= New DesignItemId=4.7
Change Component DesignItemId : Designator=R39 Old DesignItemId= New DesignItemId=4.7
Change Component DesignItemId : Designator=R53 Old DesignItemId= New DesignItemId=4.7
Change Component DesignItemId : Designator=R54 Old DesignItemId= New DesignItemId=4.7
Change Component DesignItemId : Designator=R58 Old DesignItemId= New DesignItemId=4.7
Change Component DesignItemId : Designator=R59 Old DesignItemId= New DesignItemId=4.7
Change Component DesignItemId : Designator=R14 Old DesignItemId= New DesignItemId=4.7K
Change Component DesignItemId : Designator=R34 Old DesignItemId= New DesignItemId=4.7K
Change Component DesignItemId : Designator=R35 Old DesignItemId= New DesignItemId=4.7K
Change Component DesignItemId : Designator=R36 Old DesignItemId= New DesignItemId=4.7K
Change Component DesignItemId : Designator=R37 Old DesignItemId= New DesignItemId=4.7K
Change Component DesignItemId : Designator=R146 Old DesignItemId= New DesignItemId=6.98K
Change Component DesignItemId : Designator=R18 Old DesignItemId= New DesignItemId=10K
Change Component DesignItemId : Designator=R19 Old DesignItemId= New DesignItemId=10K
Change Component DesignItemId : Designator=R20 Old DesignItemId= New DesignItemId=10K
Change Component DesignItemId : Designator=R24 Old DesignItemId= New DesignItemId=10K
Change Component DesignItemId : Designator=R25 Old DesignItemId= New DesignItemId=10K
Change Component DesignItemId : Designator=R26 Old DesignItemId= New DesignItemId=10K
Change Component DesignItemId : Designator=R30 Old DesignItemId= New DesignItemId=10K
Change Component DesignItemId : Designator=R31 Old DesignItemId= New DesignItemId=10K
Change Component DesignItemId : Designator=R32 Old DesignItemId= New DesignItemId=10K
Change Component DesignItemId : Designator=R45 Old DesignItemId= New DesignItemId=10K
Change Component DesignItemId : Designator=R48 Old DesignItemId= New DesignItemId=10K
Change Component DesignItemId : Designator=R60 Old DesignItemId= New DesignItemId=10K
Change Component DesignItemId : Designator=R61 Old DesignItemId= New DesignItemId=10K
Change Component DesignItemId : Designator=R62 Old DesignItemId= New DesignItemId=10K
Change Component DesignItemId : Designator=R63 Old DesignItemId= New DesignItemId=10K
Change Component DesignItemId : Designator=R70 Old DesignItemId= New DesignItemId=10K
Change Component DesignItemId : Designator=R71 Old DesignItemId= New DesignItemId=10K
Change Component DesignItemId : Designator=R72 Old DesignItemId= New DesignItemId=10K
Change Component DesignItemId : Designator=R145 Old DesignItemId= New DesignItemId=10K
Change Component DesignItemId : Designator=C190 Old DesignItemId= New DesignItemId=10nF
Change Component DesignItemId : Designator=C194 Old DesignItemId= New DesignItemId=10nF
Change Component DesignItemId : Designator=C195 Old DesignItemId= New DesignItemId=10nF
Change Component DesignItemId : Designator=C35 Old DesignItemId= New DesignItemId=10pF
Change Component DesignItemId : Designator=C36 Old DesignItemId= New DesignItemId=10pF
Change Component DesignItemId : Designator=C37 Old DesignItemId= New DesignItemId=10pF
Change Component DesignItemId : Designator=C38 Old DesignItemId= New DesignItemId=10pF
Change Component DesignItemId : Designator=C1 Old DesignItemId= New DesignItemId=10uF
Change Component DesignItemId : Designator=C2 Old DesignItemId= New DesignItemId=10uF
Change Component DesignItemId : Designator=C8 Old DesignItemId= New DesignItemId=10uF
Change Component DesignItemId : Designator=C14 Old DesignItemId= New DesignItemId=10uF
Change Component DesignItemId : Designator=C15 Old DesignItemId= New DesignItemId=10uF
Change Component DesignItemId : Designator=C16 Old DesignItemId= New DesignItemId=10uF
Change Component DesignItemId : Designator=C17 Old DesignItemId= New DesignItemId=10uF
Change Component DesignItemId : Designator=C19 Old DesignItemId= New DesignItemId=10uF
Change Component DesignItemId : Designator=C20 Old DesignItemId= New DesignItemId=10uF
Change Component DesignItemId : Designator=C21 Old DesignItemId= New DesignItemId=10uF
Change Component DesignItemId : Designator=C22 Old DesignItemId= New DesignItemId=10uF
Change Component DesignItemId : Designator=C25 Old DesignItemId= New DesignItemId=10uF
Change Component DesignItemId : Designator=C27 Old DesignItemId= New DesignItemId=10uF
Change Component DesignItemId : Designator=C32 Old DesignItemId= New DesignItemId=10uF
Change Component DesignItemId : Designator=C33 Old DesignItemId= New DesignItemId=10uF
Change Component DesignItemId : Designator=C39 Old DesignItemId= New DesignItemId=10uF
Change Component DesignItemId : Designator=C57 Old DesignItemId= New DesignItemId=10uF
Change Component DesignItemId : Designator=R49 Old DesignItemId= New DesignItemId=12.1K
Change Component DesignItemId : Designator=R51 Old DesignItemId= New DesignItemId=12.1K
Change Component DesignItemId : Designator=R52 Old DesignItemId= New DesignItemId=12.1K
Change Component DesignItemId : Designator=X3 Old DesignItemId= New DesignItemId=12MHz
Change Component DesignItemId : Designator=C23 Old DesignItemId= New DesignItemId=15pF
Change Component DesignItemId : Designator=C46 Old DesignItemId= New DesignItemId=15pF
Change Component DesignItemId : Designator=C47 Old DesignItemId= New DesignItemId=15pF
Change Component DesignItemId : Designator=C48 Old DesignItemId= New DesignItemId=15pF
Change Component DesignItemId : Designator=C49 Old DesignItemId= New DesignItemId=15pF
Change Component DesignItemId : Designator=L26 Old DesignItemId= New DesignItemId=15uH
Change Component DesignItemId : Designator=LED1 Old DesignItemId= New DesignItemId=19-217/GHC-YR1S2/3T
Change Component DesignItemId : Designator=R68 Old DesignItemId= New DesignItemId=20K
Change Component DesignItemId : Designator=C42 Old DesignItemId= New DesignItemId=22nF
Change Component DesignItemId : Designator=C40 Old DesignItemId= New DesignItemId=22pF
Change Component DesignItemId : Designator=C41 Old DesignItemId= New DesignItemId=22pF
Change Component DesignItemId : Designator=C18 Old DesignItemId= New DesignItemId=22uF
Change Component DesignItemId : Designator=X1 Old DesignItemId= New DesignItemId=25MHz
Change Component DesignItemId : Designator=R12 Old DesignItemId= New DesignItemId=27
Change Component DesignItemId : Designator=R13 Old DesignItemId= New DesignItemId=27
Change Component DesignItemId : Designator=X2 Old DesignItemId= New DesignItemId=32.768KHz
Change Component DesignItemId : Designator=R69 Old DesignItemId= New DesignItemId=39K
Change Component DesignItemId : Designator=R3 Old DesignItemId= New DesignItemId=47K
Change Component DesignItemId : Designator=C192 Old DesignItemId= New DesignItemId=47uF
Change Component DesignItemId : Designator=C193 Old DesignItemId= New DesignItemId=47uF
Change Component DesignItemId : Designator=R38 Old DesignItemId= New DesignItemId=49.9
Change Component DesignItemId : Designator=R40 Old DesignItemId= New DesignItemId=49.9
Change Component DesignItemId : Designator=R41 Old DesignItemId= New DesignItemId=49.9
Change Component DesignItemId : Designator=R42 Old DesignItemId= New DesignItemId=49.9
Change Component DesignItemId : Designator=R143 Old DesignItemId= New DesignItemId=52.3K
Change Component DesignItemId : Designator=R2 Old DesignItemId= New DesignItemId=100K
Change Component DesignItemId : Designator=R4 Old DesignItemId= New DesignItemId=100K
Change Component DesignItemId : Designator=R8 Old DesignItemId= New DesignItemId=100K
Change Component DesignItemId : Designator=R28 Old DesignItemId= New DesignItemId=100K
Change Component DesignItemId : Designator=R29 Old DesignItemId= New DesignItemId=100K
Change Component DesignItemId : Designator=R64 Old DesignItemId= New DesignItemId=100K
Change Component DesignItemId : Designator=R144 Old DesignItemId= New DesignItemId=100K
Change Component DesignItemId : Designator=C3 Old DesignItemId= New DesignItemId=100nF
Change Component DesignItemId : Designator=C4 Old DesignItemId= New DesignItemId=100nF
Change Component DesignItemId : Designator=C5 Old DesignItemId= New DesignItemId=100nF
Change Component DesignItemId : Designator=C6 Old DesignItemId= New DesignItemId=100nF
Change Component DesignItemId : Designator=C7 Old DesignItemId= New DesignItemId=100nF
Change Component DesignItemId : Designator=C9 Old DesignItemId= New DesignItemId=100nF
Change Component DesignItemId : Designator=C10 Old DesignItemId= New DesignItemId=100nF
Change Component DesignItemId : Designator=C11 Old DesignItemId= New DesignItemId=100nF
Change Component DesignItemId : Designator=C12 Old DesignItemId= New DesignItemId=100nF
Change Component DesignItemId : Designator=C13 Old DesignItemId= New DesignItemId=100nF
Change Component DesignItemId : Designator=C26 Old DesignItemId= New DesignItemId=100nF
Change Component DesignItemId : Designator=C28 Old DesignItemId= New DesignItemId=100nF
Change Component DesignItemId : Designator=C29 Old DesignItemId= New DesignItemId=100nF
Change Component DesignItemId : Designator=C30 Old DesignItemId= New DesignItemId=100nF
Change Component DesignItemId : Designator=C31 Old DesignItemId= New DesignItemId=100nF
Change Component DesignItemId : Designator=C34 Old DesignItemId= New DesignItemId=100nF
Change Component DesignItemId : Designator=C43 Old DesignItemId= New DesignItemId=100nF
Change Component DesignItemId : Designator=C191 Old DesignItemId= New DesignItemId=100nF
Change Component DesignItemId : Designator=R6 Old DesignItemId= New DesignItemId=110K
Change Component DesignItemId : Designator=R7 Old DesignItemId= New DesignItemId=200K
Change Component DesignItemId : Designator=L5 Old DesignItemId= New DesignItemId=220Ω
Change Component DesignItemId : Designator=R46 Old DesignItemId= New DesignItemId=470
Change Component DesignItemId : Designator=R47 Old DesignItemId= New DesignItemId=470
Change Component DesignItemId : Designator=R43 Old DesignItemId= New DesignItemId=510
Change Component DesignItemId : Designator=R5 Old DesignItemId= New DesignItemId=510K
Change Component DesignItemId : Designator=D19 Old DesignItemId= New DesignItemId=BEP0300SC
Change Component DesignItemId : Designator=DEBUG Old DesignItemId= New DesignItemId=BTDEBUG
Change Component DesignItemId : Designator=B1 Old DesignItemId= New DesignItemId=CR1220-2
Change Component DesignItemId : Designator=DC1 Old DesignItemId= New DesignItemId=DC005-2.5MM
Change Component DesignItemId : Designator=USB2 Old DesignItemId= New DesignItemId=Double layer DIP 90° black
Change Component DesignItemId : Designator=D6 Old DesignItemId= New DesignItemId=DSK14
Change Component DesignItemId : Designator=U13 Old DesignItemId= New DesignItemId=EA3059C
Change Component DesignItemId : Designator=P3 Old DesignItemId= New DesignItemId=Header-Female-2.54_2x10
Change Component DesignItemId : Designator=P1 Old DesignItemId= New DesignItemId=Header-Female-2.54_2x16
Change Component DesignItemId : Designator=P2 Old DesignItemId= New DesignItemId=Header-Female-2.54_2x16
Change Component DesignItemId : Designator=RJ1 Old DesignItemId= New DesignItemId=HR911105A
Change Component DesignItemId : Designator=U5 Old DesignItemId= New DesignItemId=LAN8720AI
Change Component DesignItemId : Designator=USB1 Old DesignItemId= New DesignItemId=Mini USB-B 5P-Female-TH_C46398
Change Component DesignItemId : Designator=U7 Old DesignItemId= New DesignItemId=MKDV4GIL-AS
Change Component DesignItemId : Designator=U45 Old DesignItemId= New DesignItemId=MP2303ADN-LF-Z
Change Component DesignItemId : Designator=U3 Old DesignItemId= New DesignItemId=MT29F2G08ABAEAWP-IT:E
Change Component DesignItemId : Designator=SW2 Old DesignItemId= New DesignItemId=NDI-02H-V
Change Component DesignItemId : Designator=SW1 Old DesignItemId= New DesignItemId=NDI-04H-V
Change Component DesignItemId : Designator=U1 Old DesignItemId= New DesignItemId=NUC980DK61Y
Change Component DesignItemId : Designator=SW3 Old DesignItemId= New DesignItemId=RESET
Change Component DesignItemId : Designator=D16 Old DesignItemId= New DesignItemId=SK34WA
Change Component DesignItemId : Designator=D17 Old DesignItemId= New DesignItemId=SMAJ16CA_C152120
Change Component DesignItemId : Designator=TF_CARD1 Old DesignItemId= New DesignItemId=TF_CARD
Change Component DesignItemId : Designator=U4 Old DesignItemId= New DesignItemId=W25Q128JVSIQTR
Change Component Footprint: Designator=U9 Old Footprint= New Footprint=HDR-3X1/2.54
Added Pin To Net: NetName=NetB1_1 Pin=B1-1
Added Pin To Net: NetName=GND Pin=B1-2
Added Pin To Net: NetName=GND Pin=C1-1
Added Pin To Net: NetName=3.3V Pin=C1-2
Added Pin To Net: NetName=GND Pin=C2-1
Added Pin To Net: NetName=3.3V Pin=C2-2
Added Pin To Net: NetName=GND Pin=C3-1
Added Pin To Net: NetName=3.3V Pin=C3-2
Added Pin To Net: NetName=GND Pin=C4-1
Added Pin To Net: NetName=3.3V Pin=C4-2
Added Pin To Net: NetName=GND Pin=C5-1
Added Pin To Net: NetName=3.3V Pin=C5-2
Added Pin To Net: NetName=GND Pin=C6-1
Added Pin To Net: NetName=3.3V Pin=C6-2
Added Pin To Net: NetName=GND Pin=C7-1
Added Pin To Net: NetName=3.3V Pin=C7-2
Added Pin To Net: NetName=GND Pin=C8-1
Added Pin To Net: NetName=1.2V Pin=C8-2
Added Pin To Net: NetName=GND Pin=C9-1
Added Pin To Net: NetName=1.2V Pin=C9-2
Added Pin To Net: NetName=GND Pin=C10-1
Added Pin To Net: NetName=1.2V Pin=C10-2
Added Pin To Net: NetName=GND Pin=C11-1
Added Pin To Net: NetName=1.2V Pin=C11-2
Added Pin To Net: NetName=GND Pin=C12-1
Added Pin To Net: NetName=1.2V Pin=C12-2
Added Pin To Net: NetName=GND Pin=C13-1
Added Pin To Net: NetName=1.2V Pin=C13-2
Added Pin To Net: NetName=GND Pin=C14-1
Added Pin To Net: NetName=1.8V Pin=C14-2
Added Pin To Net: NetName=GND Pin=C15-1
Added Pin To Net: NetName=1.8V Pin=C15-2
Added Pin To Net: NetName=GND Pin=C16-1
Added Pin To Net: NetName=DCIN Pin=C16-2
Added Pin To Net: NetName=GND Pin=C17-1
Added Pin To Net: NetName=1.8V Pin=C17-2
Added Pin To Net: NetName=GND Pin=C18-1
Added Pin To Net: NetName=1.2V Pin=C18-2
Added Pin To Net: NetName=GND Pin=C19-1
Added Pin To Net: NetName=+5V Pin=C19-2
Added Pin To Net: NetName=GND Pin=C20-1
Added Pin To Net: NetName=+5V Pin=C20-2
Added Pin To Net: NetName=GND Pin=C21-1
Added Pin To Net: NetName=+5V Pin=C21-2
Added Pin To Net: NetName=GND Pin=C22-1
Added Pin To Net: NetName=DCIN Pin=C22-2
Added Pin To Net: NetName=GND Pin=C23-1
Added Pin To Net: NetName=PE4 Pin=C23-2
Added Pin To Net: NetName=GND Pin=C25-1
Added Pin To Net: NetName=3.3V Pin=C25-2
Added Pin To Net: NetName=GND Pin=C26-1
Added Pin To Net: NetName=3.3V Pin=C26-2
Added Pin To Net: NetName=GND Pin=C27-1
Added Pin To Net: NetName=3.3V Pin=C27-2
Added Pin To Net: NetName=GND Pin=C28-1
Added Pin To Net: NetName=E3.3V Pin=C28-2
Added Pin To Net: NetName=3.3V Pin=C29-1
Added Pin To Net: NetName=GND Pin=C29-2
Added Pin To Net: NetName=GND Pin=C30-1
Added Pin To Net: NetName=3.3V Pin=C30-2
Added Pin To Net: NetName=3.3V Pin=C31-1
Added Pin To Net: NetName=GND Pin=C31-2
Added Pin To Net: NetName=3.3V Pin=C32-1
Added Pin To Net: NetName=GND Pin=C32-2
Added Pin To Net: NetName=NetC33_1 Pin=C33-1
Added Pin To Net: NetName=GND Pin=C33-2
Added Pin To Net: NetName=NetC33_1 Pin=C34-1
Added Pin To Net: NetName=GND Pin=C34-2
Added Pin To Net: NetName=TXP Pin=C35-1
Added Pin To Net: NetName=GND Pin=C35-2
Added Pin To Net: NetName=TXN Pin=C36-1
Added Pin To Net: NetName=GND Pin=C36-2
Added Pin To Net: NetName=RXP Pin=C37-1
Added Pin To Net: NetName=GND Pin=C37-2
Added Pin To Net: NetName=RXN Pin=C38-1
Added Pin To Net: NetName=GND Pin=C38-2
Added Pin To Net: NetName=GND Pin=C39-1
Added Pin To Net: NetName=E3.3V Pin=C39-2
Added Pin To Net: NetName=XTAL2 Pin=C40-1
Added Pin To Net: NetName=GND Pin=C40-2
Added Pin To Net: NetName=GND Pin=C41-1
Added Pin To Net: NetName=XTAL1 Pin=C41-2
Added Pin To Net: NetName=NetC42_1 Pin=C42-1
Added Pin To Net: NetName=GND Pin=C42-2
Added Pin To Net: NetName=GND Pin=C43-1
Added Pin To Net: NetName=NetC43_2 Pin=C43-2
Added Pin To Net: NetName=GND Pin=C46-1
Added Pin To Net: NetName=X_OUT Pin=C46-2
Added Pin To Net: NetName=GND Pin=C47-1
Added Pin To Net: NetName=X2_IN Pin=C47-2
Added Pin To Net: NetName=GND Pin=C48-1
Added Pin To Net: NetName=X2_OUT Pin=C48-2
Added Pin To Net: NetName=GND Pin=C49-1
Added Pin To Net: NetName=X_IN Pin=C49-2
Added Pin To Net: NetName=GND Pin=C50-1
Added Pin To Net: NetName=RESET Pin=C50-2
Added Pin To Net: NetName=GND Pin=C57-1
Added Pin To Net: NetName=3.3V Pin=C57-2
Added Pin To Net: NetName=+5V Pin=C190-1
Added Pin To Net: NetName=GND Pin=C190-2
Added Pin To Net: NetName=+5V Pin=C191-1
Added Pin To Net: NetName=GND Pin=C191-2
Added Pin To Net: NetName=+5V Pin=C192-1
Added Pin To Net: NetName=GND Pin=C192-2
Added Pin To Net: NetName=+5V Pin=C193-1
Added Pin To Net: NetName=GND Pin=C193-2
Added Pin To Net: NetName=GND Pin=C194-1
Added Pin To Net: NetName=NetC194_2 Pin=C194-2
Added Pin To Net: NetName=NetC195_1 Pin=C195-1
Added Pin To Net: NetName=NetC195_2 Pin=C195-2
Added Pin To Net: NetName=NetC196_1 Pin=C196-1
Added Pin To Net: NetName=NetC196_2 Pin=C196-2
Added Pin To Net: NetName=NetB1_1 Pin=D4-1
Added Pin To Net: NetName=RTCVD Pin=D4-2
Added Pin To Net: NetName=3.3V Pin=D5-1
Added Pin To Net: NetName=RTCVD Pin=D5-2
Added Pin To Net: NetName=NetD6_1 Pin=D6-1
Added Pin To Net: NetName=+5V Pin=D6-2
Added Pin To Net: NetName=GND Pin=D16-1
Added Pin To Net: NetName=NetC195_1 Pin=D16-2
Added Pin To Net: NetName=GND Pin=D17-1
Added Pin To Net: NetName=DCIN Pin=D17-2
Added Pin To Net: NetName=GND Pin=D19-1
Added Pin To Net: NetName=DCIN Pin=D19-2
Added Pin To Net: NetName=DCIN Pin=DC1-1
Added Pin To Net: NetName=GND Pin=DC1-2
Added Pin To Net: NetName=GND Pin=DC1-3
Added Pin To Net: NetName=TXD0 Pin=DEBUG-a
Added Pin To Net: NetName=GND Pin=DEBUG-b
Added Pin To Net: NetName=RXD0 Pin=DEBUG-c
Added Pin To Net: NetName=3.3V Pin=DEBUG-d
Added Pin To Net: NetName=3.3V Pin=L1-1
Added Pin To Net: NetName=ADC_3.3V Pin=L1-2
Added Pin To Net: NetName=1.8V Pin=L2-1
Added Pin To Net: NetName=LX2 Pin=L2-2
Added Pin To Net: NetName=1.2V Pin=L4-1
Added Pin To Net: NetName=LX1 Pin=L4-2
Added Pin To Net: NetName=3.3V Pin=L5-1
Added Pin To Net: NetName=E3.3V Pin=L5-2
Added Pin To Net: NetName=3.3V Pin=L7-1
Added Pin To Net: NetName=LX3 Pin=L7-2
Added Pin To Net: NetName=NetC195_1 Pin=L26-1
Added Pin To Net: NetName=+5V Pin=L26-2
Added Pin To Net: NetName=NetLED1_1 Pin=LED1-1
Added Pin To Net: NetName=GND Pin=LED1-2
Added Pin To Net: NetName=+5V Pin=P1-1
Added Pin To Net: NetName=GND Pin=P1-2
Added Pin To Net: NetName=3.3V Pin=P1-3
Added Pin To Net: NetName=GND Pin=P1-4
Added Pin To Net: NetName=PF10 Pin=P1-5
Added Pin To Net: NetName=PF9 Pin=P1-6
Added Pin To Net: NetName=PF8 Pin=P1-7
Added Pin To Net: NetName=PF7 Pin=P1-8
Added Pin To Net: NetName=PG15 Pin=P1-9
Added Pin To Net: NetName=PB13 Pin=P1-10
Added Pin To Net: NetName=PG13 Pin=P1-11
Added Pin To Net: NetName=PG14 Pin=P1-12
Added Pin To Net: NetName=PG11 Pin=P1-13
Added Pin To Net: NetName=PG12 Pin=P1-14
Added Pin To Net: NetName=PD14 Pin=P1-15
Added Pin To Net: NetName=PD15 Pin=P1-16
Added Pin To Net: NetName=PD12 Pin=P1-17
Added Pin To Net: NetName=PD13 Pin=P1-18
Added Pin To Net: NetName=PD10 Pin=P1-19
Added Pin To Net: NetName=PD11 Pin=P1-20
Added Pin To Net: NetName=PD8 Pin=P1-21
Added Pin To Net: NetName=PD9 Pin=P1-22
Added Pin To Net: NetName=PB3 Pin=P1-23
Added Pin To Net: NetName=PB2 Pin=P1-24
Added Pin To Net: NetName=PB5 Pin=P1-25
Added Pin To Net: NetName=PB1 Pin=P1-26
Added Pin To Net: NetName=PB8 Pin=P1-27
Added Pin To Net: NetName=PB7 Pin=P1-28
Added Pin To Net: NetName=+5V Pin=P1-29
Added Pin To Net: NetName=PC0 Pin=P1-30
Added Pin To Net: NetName=+5V Pin=P1-31
Added Pin To Net: NetName=GND Pin=P1-32
Added Pin To Net: NetName=GND Pin=P2-1
Added Pin To Net: NetName=+5V Pin=P2-2
Added Pin To Net: NetName=NetP2_3 Pin=P2-3
Added Pin To Net: NetName=3.3V Pin=P2-4
Added Pin To Net: NetName=NetP2_5 Pin=P2-5
Added Pin To Net: NetName=NetP2_6 Pin=P2-6
Added Pin To Net: NetName=NetP2_7 Pin=P2-7
Added Pin To Net: NetName=PE10 Pin=P2-8
Added Pin To Net: NetName=PA0 Pin=P2-9
Added Pin To Net: NetName=PE12 Pin=P2-10
Added Pin To Net: NetName=PA2 Pin=P2-11
Added Pin To Net: NetName=PA1 Pin=P2-12
Added Pin To Net: NetName=PA4 Pin=P2-13
Added Pin To Net: NetName=PA3 Pin=P2-14
Added Pin To Net: NetName=PA6 Pin=P2-15
Added Pin To Net: NetName=PA5 Pin=P2-16
Added Pin To Net: NetName=PA8 Pin=P2-17
Added Pin To Net: NetName=PA7 Pin=P2-18
Added Pin To Net: NetName=PA10 Pin=P2-19
Added Pin To Net: NetName=PA9 Pin=P2-20
Added Pin To Net: NetName=PA12 Pin=P2-21
Added Pin To Net: NetName=PA11 Pin=P2-22
Added Pin To Net: NetName=PG8 Pin=P2-23
Added Pin To Net: NetName=PG9 Pin=P2-24
Added Pin To Net: NetName=PG6 Pin=P2-25
Added Pin To Net: NetName=PG7 Pin=P2-26
Added Pin To Net: NetName=PG3 Pin=P2-27
Added Pin To Net: NetName=PG5 Pin=P2-28
Added Pin To Net: NetName=PG0 Pin=P2-29
Added Pin To Net: NetName=PG1 Pin=P2-30
Added Pin To Net: NetName=GND Pin=P2-31
Added Pin To Net: NetName=PB0 Pin=P2-32
Added Pin To Net: NetName=PB4 Pin=P3-1
Added Pin To Net: NetName=PB6 Pin=P3-2
Added Pin To Net: NetName=PC1 Pin=P3-3
Added Pin To Net: NetName=PC2 Pin=P3-4
Added Pin To Net: NetName=PC3 Pin=P3-5
Added Pin To Net: NetName=PC4 Pin=P3-6
Added Pin To Net: NetName=PC5 Pin=P3-7
Added Pin To Net: NetName=PC6 Pin=P3-8
Added Pin To Net: NetName=PC7 Pin=P3-9
Added Pin To Net: NetName=PC8 Pin=P3-10
Added Pin To Net: NetName=PC9 Pin=P3-11
Added Pin To Net: NetName=PC10 Pin=P3-12
Added Pin To Net: NetName=PC11 Pin=P3-13
Added Pin To Net: NetName=PC12 Pin=P3-14
Added Pin To Net: NetName=PC13 Pin=P3-15
Added Pin To Net: NetName=PC14 Pin=P3-16
Added Pin To Net: NetName=PC15 Pin=P3-17
Added Pin To Net: NetName=+5V Pin=P3-18
Added Pin To Net: NetName=GND Pin=P3-19
Added Pin To Net: NetName=+5V Pin=P3-20
Added Pin To Net: NetName=GND Pin=R1-1
Added Pin To Net: NetName=GND1 Pin=R1-2
Added Pin To Net: NetName=FB1 Pin=R2-1
Added Pin To Net: NetName=1.2V Pin=R2-2
Added Pin To Net: NetName=GND Pin=R3-1
Added Pin To Net: NetName=NetR3_2 Pin=R3-2
Added Pin To Net: NetName=GND Pin=R4-1
Added Pin To Net: NetName=FB1 Pin=R4-2
Added Pin To Net: NetName=FB3 Pin=R5-1
Added Pin To Net: NetName=3.3V Pin=R5-2
Added Pin To Net: NetName=GND Pin=R6-1
Added Pin To Net: NetName=FB3 Pin=R6-2
Added Pin To Net: NetName=FB2 Pin=R7-1
Added Pin To Net: NetName=1.8V Pin=R7-2
Added Pin To Net: NetName=GND Pin=R8-1
Added Pin To Net: NetName=FB2 Pin=R8-2
Added Pin To Net: NetName=3.3V Pin=R9-1
Added Pin To Net: NetName=NetLED1_1 Pin=R9-2
Added Pin To Net: NetName=+5V Pin=R11-1
Added Pin To Net: NetName=NetR11_2 Pin=R11-2
Added Pin To Net: NetName=NetR12_1 Pin=R12-1
Added Pin To Net: NetName=USB0_DM Pin=R12-2
Added Pin To Net: NetName=NetR13_1 Pin=R13-1
Added Pin To Net: NetName=USB0_DP Pin=R13-2
Added Pin To Net: NetName=NetC43_2 Pin=R14-1
Added Pin To Net: NetName=E3.3V Pin=R14-2
Added Pin To Net: NetName=PF1 Pin=R15-1
Added Pin To Net: NetName=SD_CLK-P Pin=R15-2
Added Pin To Net: NetName=NetR16_1 Pin=R16-1
Added Pin To Net: NetName=PD3 Pin=R16-2
Added Pin To Net: NetName=NetC42_1 Pin=R17-1
Added Pin To Net: NetName=E3.3V Pin=R17-2
Added Pin To Net: NetName=PG0 Pin=R18-1
Added Pin To Net: NetName=NetR18_2 Pin=R18-2
Added Pin To Net: NetName=PG1 Pin=R19-1
Added Pin To Net: NetName=NetR19_2 Pin=R19-2
Added Pin To Net: NetName=NetR20_1 Pin=R20-1
Added Pin To Net: NetName=3.3V Pin=R20-2
Added Pin To Net: NetName=USB1_DP Pin=R23-1
Added Pin To Net: NetName=NetP2_5 Pin=R23-2
Added Pin To Net: NetName=PF6 Pin=R24-1
Added Pin To Net: NetName=3.3V Pin=R24-2
Added Pin To Net: NetName=PF5 Pin=R25-1
Added Pin To Net: NetName=3.3V Pin=R25-2
Added Pin To Net: NetName=PF4 Pin=R26-1
Added Pin To Net: NetName=3.3V Pin=R26-2
Added Pin To Net: NetName=NetP2_3 Pin=R27-1
Added Pin To Net: NetName=USB0_DP Pin=R27-2
Added Pin To Net: NetName=PC7 Pin=R28-1
Added Pin To Net: NetName=3.3V Pin=R28-2
Added Pin To Net: NetName=3.3V Pin=R29-1
Added Pin To Net: NetName=PC2 Pin=R29-2
Added Pin To Net: NetName=PD2 Pin=R30-1
Added Pin To Net: NetName=3.3V Pin=R30-2
Added Pin To Net: NetName=PD7 Pin=R31-1
Added Pin To Net: NetName=3.3V Pin=R31-2
Added Pin To Net: NetName=PD6 Pin=R32-1
Added Pin To Net: NetName=3.3V Pin=R32-2
Added Pin To Net: NetName=NetP2_6 Pin=R33-1
Added Pin To Net: NetName=USB0_DM Pin=R33-2
Added Pin To Net: NetName=E3.3V Pin=R34-1
Added Pin To Net: NetName=PE3 Pin=R34-2
Added Pin To Net: NetName=E3.3V Pin=R35-1
Added Pin To Net: NetName=PE2 Pin=R35-2
Added Pin To Net: NetName=E3.3V Pin=R36-1
Added Pin To Net: NetName=PE1 Pin=R36-2
Added Pin To Net: NetName=GND Pin=R37-1
Added Pin To Net: NetName=PE0 Pin=R37-2
Added Pin To Net: NetName=RXP Pin=R38-1
Added Pin To Net: NetName=E3.3V Pin=R38-2
Added Pin To Net: NetName=USB1_DM Pin=R39-1
Added Pin To Net: NetName=NetP2_7 Pin=R39-2
Added Pin To Net: NetName=RXN Pin=R40-1
Added Pin To Net: NetName=E3.3V Pin=R40-2
Added Pin To Net: NetName=TXP Pin=R41-1
Added Pin To Net: NetName=E3.3V Pin=R41-2
Added Pin To Net: NetName=TXN Pin=R42-1
Added Pin To Net: NetName=E3.3V Pin=R42-2
Added Pin To Net: NetName=PE8 Pin=R43-1
Added Pin To Net: NetName=NetR43_2 Pin=R43-2
Added Pin To Net: NetName=GND Pin=R45-1
Added Pin To Net: NetName=LINK_LED Pin=R45-2
Added Pin To Net: NetName=GND Pin=R46-1
Added Pin To Net: NetName=NetR46_2 Pin=R46-2
Added Pin To Net: NetName=GND Pin=R47-1
Added Pin To Net: NetName=NetR47_2 Pin=R47-2
Added Pin To Net: NetName=GND Pin=R48-1
Added Pin To Net: NetName=SPEED_LED Pin=R48-2
Added Pin To Net: NetName=GND Pin=R49-1
Added Pin To Net: NetName=NetR49_2 Pin=R49-2
Added Pin To Net: NetName=XTAL1 Pin=R50-1
Added Pin To Net: NetName=XTAL2 Pin=R50-2
Added Pin To Net: NetName=GND Pin=R51-1
Added Pin To Net: NetName=USB0_REXT Pin=R51-2
Added Pin To Net: NetName=GND Pin=R52-1
Added Pin To Net: NetName=USB1_REXT Pin=R52-2
Added Pin To Net: NetName=USB0_DM_E Pin=R53-1
Added Pin To Net: NetName=USB0_DM Pin=R53-2
Added Pin To Net: NetName=USB0_DP_E Pin=R54-1
Added Pin To Net: NetName=USB0_DP Pin=R54-2
Added Pin To Net: NetName=X_IN Pin=R55-1
Added Pin To Net: NetName=X_OUT Pin=R55-2
Added Pin To Net: NetName=USB1_DM_E Pin=R58-1
Added Pin To Net: NetName=USB1_DM Pin=R58-2
Added Pin To Net: NetName=USB1_DP_E Pin=R59-1
Added Pin To Net: NetName=USB1_DP Pin=R59-2
Added Pin To Net: NetName=PG5 Pin=R60-1
Added Pin To Net: NetName=NetR60_2 Pin=R60-2
Added Pin To Net: NetName=PG3 Pin=R61-1
Added Pin To Net: NetName=NetR61_2 Pin=R61-2
Added Pin To Net: NetName=PG8 Pin=R62-1
Added Pin To Net: NetName=NetR62_2 Pin=R62-2
Added Pin To Net: NetName=PG9 Pin=R63-1
Added Pin To Net: NetName=NetR63_2 Pin=R63-2
Added Pin To Net: NetName=RESET Pin=R64-1
Added Pin To Net: NetName=3.3V Pin=R64-2
Added Pin To Net: NetName=PE11 Pin=R68-1
Added Pin To Net: NetName=NetD6_1 Pin=R68-2
Added Pin To Net: NetName=GND Pin=R69-1
Added Pin To Net: NetName=PE11 Pin=R69-2
Added Pin To Net: NetName=PF3 Pin=R70-1
Added Pin To Net: NetName=3.3V Pin=R70-2
Added Pin To Net: NetName=PF2 Pin=R71-1
Added Pin To Net: NetName=3.3V Pin=R71-2
Added Pin To Net: NetName=PF0 Pin=R72-1
Added Pin To Net: NetName=3.3V Pin=R72-2
Added Pin To Net: NetName=+5V Pin=R73-1
Added Pin To Net: NetName=NetR73_2 Pin=R73-2
Added Pin To Net: NetName=NetR74_1 Pin=R74-1
Added Pin To Net: NetName=+5V Pin=R74-2
Added Pin To Net: NetName=NetR143_1 Pin=R143-1
Added Pin To Net: NetName=+5V Pin=R143-2
Added Pin To Net: NetName=DCIN Pin=R144-1
Added Pin To Net: NetName=NetR3_2 Pin=R144-2
Added Pin To Net: NetName=GND Pin=R145-1
Added Pin To Net: NetName=NetR143_1 Pin=R145-2
Added Pin To Net: NetName=GND Pin=R146-1
Added Pin To Net: NetName=NetC196_1 Pin=R146-2
Added Pin To Net: NetName=TXP Pin=RJ1-1
Added Pin To Net: NetName=TXN Pin=RJ1-2
Added Pin To Net: NetName=RXP Pin=RJ1-3
Added Pin To Net: NetName=NetC42_1 Pin=RJ1-4
Added Pin To Net: NetName=NetC42_1 Pin=RJ1-5
Added Pin To Net: NetName=RXN Pin=RJ1-6
Added Pin To Net: NetName=GND Pin=RJ1-8
Added Pin To Net: NetName=SPEED_LED Pin=RJ1-9
Added Pin To Net: NetName=NetR46_2 Pin=RJ1-10
Added Pin To Net: NetName=NetR47_2 Pin=RJ1-11
Added Pin To Net: NetName=LINK_LED Pin=RJ1-12
Added Pin To Net: NetName=GND Pin=RJ1-13
Added Pin To Net: NetName=GND Pin=RJ1-14
Added Pin To Net: NetName=GND Pin=SW1-1
Added Pin To Net: NetName=GND Pin=SW1-2
Added Pin To Net: NetName=GND Pin=SW1-3
Added Pin To Net: NetName=GND Pin=SW1-4
Added Pin To Net: NetName=NetR62_2 Pin=SW1-5
Added Pin To Net: NetName=NetR63_2 Pin=SW1-6
Added Pin To Net: NetName=NetR61_2 Pin=SW1-7
Added Pin To Net: NetName=NetR60_2 Pin=SW1-8
Added Pin To Net: NetName=GND Pin=SW2-1
Added Pin To Net: NetName=GND Pin=SW2-2
Added Pin To Net: NetName=NetR18_2 Pin=SW2-3
Added Pin To Net: NetName=NetR19_2 Pin=SW2-4
Added Pin To Net: NetName=GND Pin=SW3-1
Added Pin To Net: NetName=RESET Pin=SW3-2
Added Pin To Net: NetName=PF4 Pin=TF_CARD1-1
Added Pin To Net: NetName=PF5 Pin=TF_CARD1-2
Added Pin To Net: NetName=PF0 Pin=TF_CARD1-3
Added Pin To Net: NetName=3.3V Pin=TF_CARD1-4
Added Pin To Net: NetName=SD_CLK-P Pin=TF_CARD1-5
Added Pin To Net: NetName=GND Pin=TF_CARD1-6
Added Pin To Net: NetName=PF2 Pin=TF_CARD1-7
Added Pin To Net: NetName=PF3 Pin=TF_CARD1-8
Added Pin To Net: NetName=PF6 Pin=TF_CARD1-9
Added Pin To Net: NetName=GND Pin=TF_CARD1-10
Added Pin To Net: NetName=GND Pin=TF_CARD1-11
Added Pin To Net: NetName=GND Pin=TF_CARD1-12
Added Pin To Net: NetName=GND Pin=TF_CARD1-13
Added Pin To Net: NetName=USB0_ID Pin=U1-1
Added Pin To Net: NetName=PA0 Pin=U1-2
Added Pin To Net: NetName=PA1 Pin=U1-3
Added Pin To Net: NetName=PA2 Pin=U1-4
Added Pin To Net: NetName=PA3 Pin=U1-5
Added Pin To Net: NetName=PA4 Pin=U1-6
Added Pin To Net: NetName=PA5 Pin=U1-7
Added Pin To Net: NetName=PA6 Pin=U1-8
Added Pin To Net: NetName=3.3V Pin=U1-9
Added Pin To Net: NetName=1.2V Pin=U1-10
Added Pin To Net: NetName=1.8V Pin=U1-11
Added Pin To Net: NetName=1.8V Pin=U1-12
Added Pin To Net: NetName=1.2V Pin=U1-13
Added Pin To Net: NetName=PA7 Pin=U1-14
Added Pin To Net: NetName=PA8 Pin=U1-15
Added Pin To Net: NetName=PA9 Pin=U1-16
Added Pin To Net: NetName=PA10 Pin=U1-17
Added Pin To Net: NetName=PA11 Pin=U1-18
Added Pin To Net: NetName=PA12 Pin=U1-19
Added Pin To Net: NetName=3.3V Pin=U1-20
Added Pin To Net: NetName=PG9 Pin=U1-21
Added Pin To Net: NetName=PG8 Pin=U1-22
Added Pin To Net: NetName=PG7 Pin=U1-23
Added Pin To Net: NetName=PG6 Pin=U1-24
Added Pin To Net: NetName=PG5 Pin=U1-25
Added Pin To Net: NetName=PG3 Pin=U1-26
Added Pin To Net: NetName=PG1 Pin=U1-27
Added Pin To Net: NetName=PG0 Pin=U1-28
Added Pin To Net: NetName=PB0 Pin=U1-29
Added Pin To Net: NetName=PB6 Pin=U1-30
Added Pin To Net: NetName=PB4 Pin=U1-31
Added Pin To Net: NetName=GND1 Pin=U1-32
Added Pin To Net: NetName=ADC_3.3V Pin=U1-33
Added Pin To Net: NetName=PB7 Pin=U1-34
Added Pin To Net: NetName=PB5 Pin=U1-35
Added Pin To Net: NetName=PB1 Pin=U1-36
Added Pin To Net: NetName=PB3 Pin=U1-37
Added Pin To Net: NetName=PB2 Pin=U1-38
Added Pin To Net: NetName=RTCVD Pin=U1-39
Added Pin To Net: NetName=X2_IN Pin=U1-40
Added Pin To Net: NetName=X2_OUT Pin=U1-41
Added Pin To Net: NetName=PB8 Pin=U1-42
Added Pin To Net: NetName=1.2V Pin=U1-43
Added Pin To Net: NetName=PC0 Pin=U1-44
Added Pin To Net: NetName=PC1 Pin=U1-45
Added Pin To Net: NetName=PC2 Pin=U1-46
Added Pin To Net: NetName=PC3 Pin=U1-47
Added Pin To Net: NetName=PC4 Pin=U1-48
Added Pin To Net: NetName=PC5 Pin=U1-49
Added Pin To Net: NetName=PC6 Pin=U1-50
Added Pin To Net: NetName=PC7 Pin=U1-51
Added Pin To Net: NetName=PC8 Pin=U1-52
Added Pin To Net: NetName=PC9 Pin=U1-53
Added Pin To Net: NetName=PC10 Pin=U1-54
Added Pin To Net: NetName=PC11 Pin=U1-55
Added Pin To Net: NetName=PC12 Pin=U1-56
Added Pin To Net: NetName=PC13 Pin=U1-57
Added Pin To Net: NetName=PC14 Pin=U1-58
Added Pin To Net: NetName=PC15 Pin=U1-59
Added Pin To Net: NetName=3.3V Pin=U1-60
Added Pin To Net: NetName=PD2 Pin=U1-61
Added Pin To Net: NetName=PD3 Pin=U1-62
Added Pin To Net: NetName=PD4 Pin=U1-63
Added Pin To Net: NetName=GND Pin=U1-64
Added Pin To Net: NetName=PD5 Pin=U1-65
Added Pin To Net: NetName=PD6 Pin=U1-66
Added Pin To Net: NetName=PD7 Pin=U1-67
Added Pin To Net: NetName=PD8 Pin=U1-68
Added Pin To Net: NetName=PD9 Pin=U1-69
Added Pin To Net: NetName=PD10 Pin=U1-70
Added Pin To Net: NetName=PD11 Pin=U1-71
Added Pin To Net: NetName=PD12 Pin=U1-72
Added Pin To Net: NetName=PD13 Pin=U1-73
Added Pin To Net: NetName=PD14 Pin=U1-74
Added Pin To Net: NetName=PD15 Pin=U1-75
Added Pin To Net: NetName=PG11 Pin=U1-76
Added Pin To Net: NetName=PG12 Pin=U1-77
Added Pin To Net: NetName=PG13 Pin=U1-78
Added Pin To Net: NetName=PG14 Pin=U1-79
Added Pin To Net: NetName=PG15 Pin=U1-80
Added Pin To Net: NetName=RESET Pin=U1-81
Added Pin To Net: NetName=1.2V Pin=U1-82
Added Pin To Net: NetName=1.8V Pin=U1-83
Added Pin To Net: NetName=1.8V Pin=U1-84
Added Pin To Net: NetName=3.3V Pin=U1-85
Added Pin To Net: NetName=PF0 Pin=U1-86
Added Pin To Net: NetName=PF1 Pin=U1-87
Added Pin To Net: NetName=PF2 Pin=U1-88
Added Pin To Net: NetName=PF3 Pin=U1-89
Added Pin To Net: NetName=PF4 Pin=U1-90
Added Pin To Net: NetName=PF5 Pin=U1-91
Added Pin To Net: NetName=PF6 Pin=U1-92
Added Pin To Net: NetName=PB13 Pin=U1-93
Added Pin To Net: NetName=1.2V Pin=U1-94
Added Pin To Net: NetName=GND Pin=U1-95
Added Pin To Net: NetName=PF7 Pin=U1-96
Added Pin To Net: NetName=PF8 Pin=U1-97
Added Pin To Net: NetName=PF9 Pin=U1-98
Added Pin To Net: NetName=PF10 Pin=U1-99
Added Pin To Net: NetName=RXD0 Pin=U1-100
Added Pin To Net: NetName=TXD0 Pin=U1-101
Added Pin To Net: NetName=3.3V Pin=U1-102
Added Pin To Net: NetName=X_IN Pin=U1-103
Added Pin To Net: NetName=X_OUT Pin=U1-104
Added Pin To Net: NetName=PE0 Pin=U1-105
Added Pin To Net: NetName=PE1 Pin=U1-106
Added Pin To Net: NetName=PE2 Pin=U1-107
Added Pin To Net: NetName=PE3 Pin=U1-108
Added Pin To Net: NetName=PE4 Pin=U1-109
Added Pin To Net: NetName=PE5 Pin=U1-110
Added Pin To Net: NetName=PE6 Pin=U1-111
Added Pin To Net: NetName=PE7 Pin=U1-112
Added Pin To Net: NetName=PE8 Pin=U1-113
Added Pin To Net: NetName=PE9 Pin=U1-114
Added Pin To Net: NetName=PE10 Pin=U1-115
Added Pin To Net: NetName=PE11 Pin=U1-116
Added Pin To Net: NetName=PE12 Pin=U1-117
Added Pin To Net: NetName=1.2V Pin=U1-118
Added Pin To Net: NetName=USB1_DM Pin=U1-119
Added Pin To Net: NetName=USB1_DP Pin=U1-120
Added Pin To Net: NetName=3.3V Pin=U1-121
Added Pin To Net: NetName=USB1_REXT Pin=U1-122
Added Pin To Net: NetName=1.2V Pin=U1-123
Added Pin To Net: NetName=USB0_DM Pin=U1-124
Added Pin To Net: NetName=USB0_DP Pin=U1-125
Added Pin To Net: NetName=3.3V Pin=U1-126
Added Pin To Net: NetName=USB0_REXT Pin=U1-127
Added Pin To Net: NetName=GND Pin=U1-128
Added Pin To Net: NetName=3.3V Pin=U3-1
Added Pin To Net: NetName=GND Pin=U3-2
Added Pin To Net: NetName=PC7 Pin=U3-7
Added Pin To Net: NetName=PC6 Pin=U3-8
Added Pin To Net: NetName=PC1 Pin=U3-9
Added Pin To Net: NetName=3.3V Pin=U3-12
Added Pin To Net: NetName=GND Pin=U3-13
Added Pin To Net: NetName=PC4 Pin=U3-16
Added Pin To Net: NetName=PC3 Pin=U3-17
Added Pin To Net: NetName=PC5 Pin=U3-18
Added Pin To Net: NetName=PC2 Pin=U3-19
Added Pin To Net: NetName=GND Pin=U3-23
Added Pin To Net: NetName=3.3V Pin=U3-24
Added Pin To Net: NetName=GND Pin=U3-25
Added Pin To Net: NetName=PC8 Pin=U3-29
Added Pin To Net: NetName=PC9 Pin=U3-30
Added Pin To Net: NetName=PC10 Pin=U3-31
Added Pin To Net: NetName=PC11 Pin=U3-32
Added Pin To Net: NetName=3.3V Pin=U3-34
Added Pin To Net: NetName=GND Pin=U3-36
Added Pin To Net: NetName=3.3V Pin=U3-37
Added Pin To Net: NetName=3.3V Pin=U3-39
Added Pin To Net: NetName=PC12 Pin=U3-41
Added Pin To Net: NetName=PC13 Pin=U3-42
Added Pin To Net: NetName=PC14 Pin=U3-43
Added Pin To Net: NetName=PC15 Pin=U3-44
Added Pin To Net: NetName=GND Pin=U3-48
Added Pin To Net: NetName=PD2 Pin=U4-1
Added Pin To Net: NetName=PD5 Pin=U4-2
Added Pin To Net: NetName=PD6 Pin=U4-3
Added Pin To Net: NetName=GND Pin=U4-4
Added Pin To Net: NetName=PD4 Pin=U4-5
Added Pin To Net: NetName=NetR16_1 Pin=U4-6
Added Pin To Net: NetName=PD7 Pin=U4-7
Added Pin To Net: NetName=3.3V Pin=U4-8
Added Pin To Net: NetName=E3.3V Pin=U5-1
Added Pin To Net: NetName=SPEED_LED Pin=U5-2
Added Pin To Net: NetName=LINK_LED Pin=U5-3
Added Pin To Net: NetName=XTAL2 Pin=U5-4
Added Pin To Net: NetName=XTAL1 Pin=U5-5
Added Pin To Net: NetName=NetC33_1 Pin=U5-6
Added Pin To Net: NetName=PE2 Pin=U5-7
Added Pin To Net: NetName=PE3 Pin=U5-8
Added Pin To Net: NetName=E3.3V Pin=U5-9
Added Pin To Net: NetName=PE0 Pin=U5-10
Added Pin To Net: NetName=PE1 Pin=U5-11
Added Pin To Net: NetName=NetR43_2 Pin=U5-12
Added Pin To Net: NetName=PE9 Pin=U5-13
Added Pin To Net: NetName=PE4 Pin=U5-14
Added Pin To Net: NetName=NetC43_2 Pin=U5-15
Added Pin To Net: NetName=PE5 Pin=U5-16
Added Pin To Net: NetName=PE7 Pin=U5-17
Added Pin To Net: NetName=PE6 Pin=U5-18
Added Pin To Net: NetName=E3.3V Pin=U5-19
Added Pin To Net: NetName=TXN Pin=U5-20
Added Pin To Net: NetName=TXP Pin=U5-21
Added Pin To Net: NetName=RXN Pin=U5-22
Added Pin To Net: NetName=RXP Pin=U5-23
Added Pin To Net: NetName=NetR49_2 Pin=U5-24
Added Pin To Net: NetName=GND Pin=U5-25
Added Pin To Net: NetName=PF4 Pin=U7-1
Added Pin To Net: NetName=PF5 Pin=U7-2
Added Pin To Net: NetName=SD_CLK-P Pin=U7-3
Added Pin To Net: NetName=GND Pin=U7-4
Added Pin To Net: NetName=PF0 Pin=U7-5
Added Pin To Net: NetName=PF2 Pin=U7-6
Added Pin To Net: NetName=PF3 Pin=U7-7
Added Pin To Net: NetName=3.3V Pin=U7-8
Added Pin To Net: NetName=GND Pin=U9-1
Added Pin To Net: NetName=USB0_ID Pin=U9-2
Added Pin To Net: NetName=NetR20_1 Pin=U9-3
Added Pin To Net: NetName=GND Pin=U13-1
Added Pin To Net: NetName=FB3 Pin=U13-2
Added Pin To Net: NetName=+5V Pin=U13-3
Added Pin To Net: NetName=GND Pin=U13-4
Added Pin To Net: NetName=FB2 Pin=U13-5
Added Pin To Net: NetName=GND Pin=U13-6
Added Pin To Net: NetName=LX2 Pin=U13-7
Added Pin To Net: NetName=+5V Pin=U13-8
Added Pin To Net: NetName=NetR73_2 Pin=U13-9
Added Pin To Net: NetName=NetR11_2 Pin=U13-10
Added Pin To Net: NetName=+5V Pin=U13-11
Added Pin To Net: NetName=LX1 Pin=U13-12
Added Pin To Net: NetName=GND Pin=U13-13
Added Pin To Net: NetName=FB1 Pin=U13-14
Added Pin To Net: NetName=GND Pin=U13-18
Added Pin To Net: NetName=+5V Pin=U13-20
Added Pin To Net: NetName=GND Pin=U13-21
Added Pin To Net: NetName=NetR74_1 Pin=U13-22
Added Pin To Net: NetName=+5V Pin=U13-23
Added Pin To Net: NetName=LX3 Pin=U13-24
Added Pin To Net: NetName=GND Pin=U13-25
Added Pin To Net: NetName=NetC195_2 Pin=U45-1
Added Pin To Net: NetName=DCIN Pin=U45-2
Added Pin To Net: NetName=NetC195_1 Pin=U45-3
Added Pin To Net: NetName=GND Pin=U45-4
Added Pin To Net: NetName=NetR143_1 Pin=U45-5
Added Pin To Net: NetName=NetC196_2 Pin=U45-6
Added Pin To Net: NetName=NetR3_2 Pin=U45-7
Added Pin To Net: NetName=NetC194_2 Pin=U45-8
Added Pin To Net: NetName=GND Pin=UART0-1
Added Pin To Net: NetName=RXD0 Pin=UART0-2
Added Pin To Net: NetName=TXD0 Pin=UART0-3
Added Pin To Net: NetName=GND Pin=USB1-0
Added Pin To Net: NetName=GND Pin=USB1-0
Added Pin To Net: NetName=GND Pin=USB1-0
Added Pin To Net: NetName=GND Pin=USB1-0
Added Pin To Net: NetName=NetD6_1 Pin=USB1-1
Added Pin To Net: NetName=NetR12_1 Pin=USB1-2
Added Pin To Net: NetName=NetR13_1 Pin=USB1-3
Added Pin To Net: NetName=GND Pin=USB1-5
Added Pin To Net: NetName=GND Pin=USB2-0
Added Pin To Net: NetName=GND Pin=USB2-0
Added Pin To Net: NetName=GND Pin=USB2-0
Added Pin To Net: NetName=GND Pin=USB2-0
Added Pin To Net: NetName=+5V Pin=USB2-1
Added Pin To Net: NetName=USB0_DM_E Pin=USB2-2
Added Pin To Net: NetName=USB0_DP_E Pin=USB2-3
Added Pin To Net: NetName=GND Pin=USB2-4
Added Pin To Net: NetName=+5V Pin=USB2-5
Added Pin To Net: NetName=USB1_DM_E Pin=USB2-6
Added Pin To Net: NetName=USB1_DP_E Pin=USB2-7
Added Pin To Net: NetName=GND Pin=USB2-8
Added Pin To Net: NetName=XTAL1 Pin=X1-1
Added Pin To Net: NetName=GND Pin=X1-2
Added Pin To Net: NetName=XTAL2 Pin=X1-3
Added Pin To Net: NetName=GND Pin=X1-4
Added Pin To Net: NetName=X2_IN Pin=X2-1
Added Pin To Net: NetName=X2_OUT Pin=X2-2
Added Pin To Net: NetName=X_IN Pin=X3-1
Added Pin To Net: NetName=GND Pin=X3-2
Added Pin To Net: NetName=X_OUT Pin=X3-3
Added Pin To Net: NetName=GND Pin=X3-4
Added Member To Class: ClassName=主控单元 Member=Component B1 CR1220-2
Added Member To Class: ClassName=主控单元 Member=Component C1 10uF
Added Member To Class: ClassName=主控单元 Member=Component C2 10uF
Added Member To Class: ClassName=主控单元 Member=Component C3 100nF
Added Member To Class: ClassName=主控单元 Member=Component C4 100nF
Added Member To Class: ClassName=主控单元 Member=Component C5 100nF
Added Member To Class: ClassName=主控单元 Member=Component C6 100nF
Added Member To Class: ClassName=主控单元 Member=Component C7 100nF
Added Member To Class: ClassName=主控单元 Member=Component C8 10uF
Added Member To Class: ClassName=主控单元 Member=Component C9 100nF
Added Member To Class: ClassName=主控单元 Member=Component C10 100nF
Added Member To Class: ClassName=主控单元 Member=Component C11 100nF
Added Member To Class: ClassName=主控单元 Member=Component C12 100nF
Added Member To Class: ClassName=主控单元 Member=Component C13 100nF
Added Member To Class: ClassName=主控单元 Member=Component C14 10uF
Added Member To Class: ClassName=主控单元 Member=Component C15 10uF
Added Member To Class: ClassName=电源单元 Member=Component C16 10uF
Added Member To Class: ClassName=电源单元 Member=Component C17 10uF
Added Member To Class: ClassName=电源单元 Member=Component C18 22uF
Added Member To Class: ClassName=电源单元 Member=Component C19 10uF
Added Member To Class: ClassName=电源单元 Member=Component C20 10uF
Added Member To Class: ClassName=电源单元 Member=Component C21 10uF
Added Member To Class: ClassName=电源单元 Member=Component C22 10uF
Added Member To Class: ClassName=以太网单元 Member=Component C23 15pF
Added Member To Class: ClassName=存储单元 Member=Component C25 10uF
Added Member To Class: ClassName=存储单元 Member=Component C26 100nF
Added Member To Class: ClassName=存储单元 Member=Component C27 10uF
Added Member To Class: ClassName=以太网单元 Member=Component C28 100nF
Added Member To Class: ClassName=存储单元 Member=Component C29 100nF
Added Member To Class: ClassName=存储单元 Member=Component C30 100nF
Added Member To Class: ClassName=存储单元 Member=Component C31 100nF
Added Member To Class: ClassName=存储单元 Member=Component C32 10uF
Added Member To Class: ClassName=以太网单元 Member=Component C33 10uF
Added Member To Class: ClassName=以太网单元 Member=Component C34 100nF
Added Member To Class: ClassName=以太网单元 Member=Component C35 10pF
Added Member To Class: ClassName=以太网单元 Member=Component C36 10pF
Added Member To Class: ClassName=以太网单元 Member=Component C37 10pF
Added Member To Class: ClassName=以太网单元 Member=Component C38 10pF
Added Member To Class: ClassName=以太网单元 Member=Component C39 10uF
Added Member To Class: ClassName=以太网单元 Member=Component C40 22pF
Added Member To Class: ClassName=以太网单元 Member=Component C41 22pF
Added Member To Class: ClassName=以太网单元 Member=Component C42 22nF
Added Member To Class: ClassName=以太网单元 Member=Component C43 100nF
Added Member To Class: ClassName=主控单元 Member=Component C46 15pF
Added Member To Class: ClassName=主控单元 Member=Component C47 15pF
Added Member To Class: ClassName=主控单元 Member=Component C48 15pF
Added Member To Class: ClassName=主控单元 Member=Component C49 15pF
Added Member To Class: ClassName=主控单元 Member=Component C50 1uF
Added Member To Class: ClassName=电源单元 Member=Component C57 10uF
Added Member To Class: ClassName=电源单元 Member=Component C190 10nF
Added Member To Class: ClassName=电源单元 Member=Component C191 100nF
Added Member To Class: ClassName=电源单元 Member=Component C192 47uF
Added Member To Class: ClassName=电源单元 Member=Component C193 47uF
Added Member To Class: ClassName=电源单元 Member=Component C194 10nF
Added Member To Class: ClassName=电源单元 Member=Component C195 10nF
Added Member To Class: ClassName=电源单元 Member=Component C196 3.3nF
Added Member To Class: ClassName=主控单元 Member=Component D4 1N4148WS T4
Added Member To Class: ClassName=主控单元 Member=Component D5 1N4148WS T4
Added Member To Class: ClassName=主控单元 Member=Component D6 DSK14
Added Member To Class: ClassName=电源单元 Member=Component D16 SK34WA
Added Member To Class: ClassName=电源单元 Member=Component D17 SMAJ16CA_C152120
Added Member To Class: ClassName=电源单元 Member=Component D19 BEP0300SC
Added Member To Class: ClassName=电源单元 Member=Component DC1 DC005-2.5MM
Added Member To Class: ClassName=主控单元 Member=Component DEBUG BTDEBUG
Added Member To Class: ClassName=主控单元 Member=Component L1 0Ω
Added Member To Class: ClassName=电源单元 Member=Component L2 1.5uH
Added Member To Class: ClassName=电源单元 Member=Component L4 1uH
Added Member To Class: ClassName=以太网单元 Member=Component L5 220Ω
Added Member To Class: ClassName=电源单元 Member=Component L7 1.5uH
Added Member To Class: ClassName=电源单元 Member=Component L26 15uH
Added Member To Class: ClassName=电源单元 Member=Component LED1 19-217/GHC-YR1S2/3T
Added Member To Class: ClassName=接口单元 Member=Component P1 Header-Female-2.54_2x16
Added Member To Class: ClassName=接口单元 Member=Component P2 Header-Female-2.54_2x16
Added Member To Class: ClassName=接口单元 Member=Component P3 Header-Female-2.54_2x10
Added Member To Class: ClassName=主控单元 Member=Component R1 0
Added Member To Class: ClassName=电源单元 Member=Component R2 100K
Added Member To Class: ClassName=电源单元 Member=Component R3 47K
Added Member To Class: ClassName=电源单元 Member=Component R4 100K
Added Member To Class: ClassName=电源单元 Member=Component R5 510K
Added Member To Class: ClassName=电源单元 Member=Component R6 110K
Added Member To Class: ClassName=电源单元 Member=Component R7 200K
Added Member To Class: ClassName=电源单元 Member=Component R8 100K
Added Member To Class: ClassName=电源单元 Member=Component R9 1K
Added Member To Class: ClassName=电源单元 Member=Component R11 1K
Added Member To Class: ClassName=主控单元 Member=Component R12 27
Added Member To Class: ClassName=主控单元 Member=Component R13 27
Added Member To Class: ClassName=以太网单元 Member=Component R14 4.7K
Added Member To Class: ClassName=存储单元 Member=Component R15 0
Added Member To Class: ClassName=存储单元 Member=Component R16 0
Added Member To Class: ClassName=以太网单元 Member=Component R17 0
Added Member To Class: ClassName=主控单元 Member=Component R18 10K
Added Member To Class: ClassName=主控单元 Member=Component R19 10K
Added Member To Class: ClassName=接口单元 Member=Component R20 10K
Added Member To Class: ClassName=接口单元 Member=Component R23 4.7
Added Member To Class: ClassName=存储单元 Member=Component R24 10K
Added Member To Class: ClassName=存储单元 Member=Component R25 10K
Added Member To Class: ClassName=存储单元 Member=Component R26 10K
Added Member To Class: ClassName=接口单元 Member=Component R27 4.7
Added Member To Class: ClassName=存储单元 Member=Component R28 100K
Added Member To Class: ClassName=存储单元 Member=Component R29 100K
Added Member To Class: ClassName=存储单元 Member=Component R30 10K
Added Member To Class: ClassName=存储单元 Member=Component R31 10K
Added Member To Class: ClassName=存储单元 Member=Component R32 10K
Added Member To Class: ClassName=接口单元 Member=Component R33 4.7
Added Member To Class: ClassName=以太网单元 Member=Component R34 4.7K
Added Member To Class: ClassName=以太网单元 Member=Component R35 4.7K
Added Member To Class: ClassName=以太网单元 Member=Component R36 4.7K
Added Member To Class: ClassName=以太网单元 Member=Component R37 4.7K
Added Member To Class: ClassName=以太网单元 Member=Component R38 49.9
Added Member To Class: ClassName=接口单元 Member=Component R39 4.7
Added Member To Class: ClassName=以太网单元 Member=Component R40 49.9
Added Member To Class: ClassName=以太网单元 Member=Component R41 49.9
Added Member To Class: ClassName=以太网单元 Member=Component R42 49.9
Added Member To Class: ClassName=以太网单元 Member=Component R43 510
Added Member To Class: ClassName=以太网单元 Member=Component R45 10K
Added Member To Class: ClassName=以太网单元 Member=Component R46 470
Added Member To Class: ClassName=以太网单元 Member=Component R47 470
Added Member To Class: ClassName=以太网单元 Member=Component R48 10K
Added Member To Class: ClassName=以太网单元 Member=Component R49 12.1K
Added Member To Class: ClassName=以太网单元 Member=Component R50 1M
Added Member To Class: ClassName=主控单元 Member=Component R51 12.1K
Added Member To Class: ClassName=主控单元 Member=Component R52 12.1K
Added Member To Class: ClassName=接口单元 Member=Component R53 4.7
Added Member To Class: ClassName=接口单元 Member=Component R54 4.7
Added Member To Class: ClassName=主控单元 Member=Component R55 1M
Added Member To Class: ClassName=接口单元 Member=Component R58 4.7
Added Member To Class: ClassName=接口单元 Member=Component R59 4.7
Added Member To Class: ClassName=主控单元 Member=Component R60 10K
Added Member To Class: ClassName=主控单元 Member=Component R61 10K
Added Member To Class: ClassName=主控单元 Member=Component R62 10K
Added Member To Class: ClassName=主控单元 Member=Component R63 10K
Added Member To Class: ClassName=主控单元 Member=Component R64 100K
Added Member To Class: ClassName=主控单元 Member=Component R68 20K
Added Member To Class: ClassName=主控单元 Member=Component R69 39K
Added Member To Class: ClassName=存储单元 Member=Component R70 10K
Added Member To Class: ClassName=存储单元 Member=Component R71 10K
Added Member To Class: ClassName=存储单元 Member=Component R72 10K
Added Member To Class: ClassName=电源单元 Member=Component R73 1K
Added Member To Class: ClassName=电源单元 Member=Component R74 1K
Added Member To Class: ClassName=电源单元 Member=Component R143 52.3K
Added Member To Class: ClassName=电源单元 Member=Component R144 100K
Added Member To Class: ClassName=电源单元 Member=Component R145 10K
Added Member To Class: ClassName=电源单元 Member=Component R146 6.98K
Added Member To Class: ClassName=以太网单元 Member=Component RJ1 HR911105A
Added Member To Class: ClassName=主控单元 Member=Component SW1 NDI-04H-V
Added Member To Class: ClassName=主控单元 Member=Component SW2 NDI-02H-V
Added Member To Class: ClassName=主控单元 Member=Component SW3 RESET
Added Member To Class: ClassName=存储单元 Member=Component TF_CARD1 TF_CARD
Added Member To Class: ClassName=主控单元 Member=Component U1 NUC980DK61Y
Added Member To Class: ClassName=存储单元 Member=Component U3 MT29F2G08ABAEAWP-IT:E
Added Member To Class: ClassName=存储单元 Member=Component U4 W25Q128JVSIQTR
Added Member To Class: ClassName=以太网单元 Member=Component U5 LAN8720AI
Added Member To Class: ClassName=存储单元 Member=Component U7 MKDV4GIL-AS
Added Member To Class: ClassName=接口单元 Member=Component U9 3pin插针
Added Member To Class: ClassName=电源单元 Member=Component U13 EA3059C
Added Member To Class: ClassName=电源单元 Member=Component U45 MP2303ADN-LF-Z
Added Member To Class: ClassName=主控单元 Member=Component UART0 2.54排针 3pin
Added Member To Class: ClassName=主控单元 Member=Component USB1 Mini USB-B 5P-Female-TH_C46398
Added Member To Class: ClassName=接口单元 Member=Component USB2 Double layer DIP 90° black
Added Member To Class: ClassName=以太网单元 Member=Component X1 25MHz
Added Member To Class: ClassName=主控单元 Member=Component X2 32.768KHz
Added Member To Class: ClassName=主控单元 Member=Component X3 12MHz
